<?xml version="1.0" encoding="UTF-8"?>
<testsuite xmlns:xsi="http://www.w3.org/2001/XMLSchema-instance" xsi:noNamespaceSchemaLocation="https://maven.apache.org/surefire/maven-surefire-plugin/xsd/surefire-test-report-3.0.xsd" version="3.0" name="com.miniproject.library.LibraryApplicationTest" time="74.347" tests="2" errors="0" skipped="0" failures="0">
  <properties>
[...]
</properties>
  <testcase name="applicationContextTest" classname="com.miniproject.library.LibraryApplicationTest" time="74.336">
    <system-out><![CDATA[
  .   ____          _            __ _ _
 /\\ / ___'_ __ _ _(_)_ __  __ _ \ \ \ \
( ( )\___ | '_ | '_| | '_ \/ _` | \ \ \ \
 \\/  ___)| |_)| | | | | || (_| |  ) ) ) )
  '  |____| .__|_| |_|_| |_\__, | / / / /
 =========|_|==============|___/=/_/_/_/
 :: Spring Boot ::                (v3.2.0)

2023-12-20T02:06:15.275+07:00  INFO 10392 --- [           main] c.m.library.LibraryApplication           : Starting LibraryApplication using Java 17.0.8.1 with PID 10392 (started by USER in C:\Users\USER\Downloads\aa\jdt\library)
2023-12-20T02:06:15.354+07:00  INFO 10392 --- [           main] c.m.library.LibraryApplication           : No active profile set, falling back to 1 default profile: "default"
2023-12-20T02:06:29.737+07:00  INFO 10392 --- [           main] .s.d.r.c.RepositoryConfigurationDelegate : Bootstrapping Spring Data JPA repositories in DEFAULT mode.
2023-12-20T02:06:30.731+07:00  INFO 10392 --- [           main] .s.d.r.c.RepositoryConfigurationDelegate : Finished Spring Data repository scanning in 914 ms. Found 8 JPA repository interfaces.
2023-12-20T02:06:37.899+07:00  INFO 10392 --- [           main] o.s.b.w.embedded.tomcat.TomcatWebServer  : Tomcat initialized with port 8080 (http)
2023-12-20T02:06:37.970+07:00  INFO 10392 --- [           main] o.apache.catalina.core.StandardService   : Starting service [Tomcat]
2023-12-20T02:06:37.971+07:00  INFO 10392 --- [           main] o.apache.catalina.core.StandardEngine    : Starting Servlet engine: [Apache Tomcat/10.1.16]
2023-12-20T02:06:38.705+07:00  INFO 10392 --- [           main] o.a.c.c.C.[Tomcat].[localhost].[/]       : Initializing Spring embedded WebApplicationContext
2023-12-20T02:06:38.711+07:00  INFO 10392 --- [           main] w.s.c.ServletWebServerApplicationContext : Root WebApplicationContext: initialization completed in 22728 ms
2023-12-20T02:06:40.438+07:00  INFO 10392 --- [           main] o.hibernate.jpa.internal.util.LogHelper  : HHH000204: Processing PersistenceUnitInfo [name: default]
2023-12-20T02:06:41.178+07:00  INFO 10392 --- [           main] org.hibernate.Version                    : HHH000412: Hibernate ORM core version 6.3.1.Final
2023-12-20T02:06:41.404+07:00  INFO 10392 --- [           main] o.h.c.internal.RegionFactoryInitiator    : HHH000026: Second-level cache disabled
2023-12-20T02:06:42.254+07:00  INFO 10392 --- [           main] o.s.o.j.p.SpringPersistenceUnitInfo      : No LoadTimeWeaver setup: ignoring JPA class transformer
2023-12-20T02:06:42.480+07:00  INFO 10392 --- [           main] com.zaxxer.hikari.HikariDataSource       : HikariPool-1 - Starting...
2023-12-20T02:06:43.864+07:00  INFO 10392 --- [           main] com.zaxxer.hikari.pool.HikariPool        : HikariPool-1 - Added connection org.postgresql.jdbc.PgConnection@19dda8e
2023-12-20T02:06:43.874+07:00  INFO 10392 --- [           main] com.zaxxer.hikari.HikariDataSource       : HikariPool-1 - Start completed.
2023-12-20T02:06:44.326+07:00  WARN 10392 --- [           main] org.hibernate.orm.deprecation            : HHH90000025: PostgreSQLDialect does not need to be specified explicitly using 'hibernate.dialect' (remove the property setting and it will be selected by default)
2023-12-20T02:06:53.818+07:00  INFO 10392 --- [           main] o.h.e.t.j.p.i.JtaPlatformInitiator       : HHH000489: No JTA platform available (set 'hibernate.transaction.jta.platform' to enable JTA platform integration)
2023-12-20T02:06:55.377+07:00  INFO 10392 --- [           main] j.LocalContainerEntityManagerFactoryBean : Initialized JPA EntityManagerFactory for persistence unit 'default'
2023-12-20T02:07:00.598+07:00  INFO 10392 --- [           main] f.a.AutowiredAnnotationBeanPostProcessor : Autowired annotation should only be used on methods with parameters: public org.springframework.security.crypto.password.PasswordEncoder com.miniproject.library.config.SecurityConfig.passwordEncoder()
2023-12-20T02:07:01.227+07:00  INFO 10392 --- [           main] o.s.d.j.r.query.QueryEnhancerFactory     : Hibernate is in classpath; If applicable, HQL parser will be used.
2023-12-20T02:07:08.390+07:00  WARN 10392 --- [           main] JpaBaseConfiguration$JpaWebConfiguration : spring.jpa.open-in-view is enabled by default. Therefore, database queries may be performed during view rendering. Explicitly configure spring.jpa.open-in-view to disable this warning
2023-12-20T02:07:10.321+07:00  INFO 10392 --- [           main] o.s.s.web.DefaultSecurityFilterChain     : Will secure any request with [org.springframework.security.web.session.DisableEncodeUrlFilter@7e1389a7, org.springframework.security.web.context.request.async.WebAsyncManagerIntegrationFilter@4e096b5f, org.springframework.security.web.context.SecurityContextHolderFilter@1202c1ee, org.springframework.security.web.header.HeaderWriterFilter@33d42b0a, org.springframework.security.web.authentication.logout.LogoutFilter@5ed4011a, com.miniproject.library.security.JwtTokenFilter@38415212, org.springframework.security.web.savedrequest.RequestCacheAwareFilter@4b821389, org.springframework.security.web.servletapi.SecurityContextHolderAwareRequestFilter@47afcbdd, org.springframework.security.web.authentication.AnonymousAuthenticationFilter@2167cb1, org.springframework.security.web.session.SessionManagementFilter@794efcf3, org.springframework.security.web.access.ExceptionTranslationFilter@260fd98, org.springframework.security.web.access.intercept.AuthorizationFilter@2a3cdde2]
2023-12-20T02:07:16.899+07:00  INFO 10392 --- [           main] o.s.b.w.embedded.tomcat.TomcatWebServer  : Tomcat started on port 8080 (http) with context path ''
2023-12-20T02:07:16.958+07:00  INFO 10392 --- [           main] c.m.library.LibraryApplication           : Started LibraryApplication in 71.328 seconds (process running for 119.026)
]]></system-out>
  </testcase>
  <testcase name="applicationContextLoaded" classname="com.miniproject.library.LibraryApplicationTest" time="0.002"/>
</testsuite>